<?xml version="1.0" encoding="UTF-8"?>
<!-- Generated by org.testng.reporters.JUnitXMLReporter -->
<testsuite ignored="2" hostname="Laptop-2991" failures="0" tests="2" name="Step1_Test" time="21.009" errors="0" timestamp="2024-03-21T09:01:01 EDT">
  <testcase classname="UnifyedX.CustomerOnboarding.Tests.OnboardingStep1TEST" name="ReadOnlyComponents" time="4.897"/>
  <testcase classname="UnifyedX.CustomerOnboarding.Tests.OnboardingStep2TEST" name="FirstTesta" time="4.753"/>
  <testcase classname="UnifyedX.CustomerOnboarding.TestComponents.BaseTestClass" name="@BeforeTest LaunchApplication" time="0.0">
    <ignored/>
  </testcase> <!-- @BeforeTest LaunchApplication -->
  <testcase classname="UnifyedX.CustomerOnboarding.TestComponents.BaseTestClass" name="@AfterTest CloseBrowser" time="0.0">
    <ignored/>
  </testcase> <!-- @AfterTest CloseBrowser -->
</testsuite> <!-- Step1_Test -->
