<?xml version="1.0" encoding="UTF-8"?>
<!-- Generated by org.testng.reporters.JUnitXMLReporter -->
<testsuite ignored="2" hostname="Laptop-2991" failures="0" tests="2" name="Test" time="25.91" errors="0" timestamp="2024-04-24T11:16:06 EDT">
  <testcase classname="UnifyedX.CustomerOnboarding.Tests.OnboardingStep1TEST" name="ReadOnlyComponents" time="6.157"/>
  <testcase classname="UnifyedX.CustomerOnboarding.Tests.OnboardingStep2TEST" name="FirstTesta" time="6.142"/>
  <testcase classname="UnifyedX.CustomerOnboarding.TestComponents.BaseTestClass" name="@AfterTest CloseBrowser" time="0.0">
    <ignored/>
  </testcase> <!-- @AfterTest CloseBrowser -->
  <testcase classname="UnifyedX.CustomerOnboarding.TestComponents.BaseTestClass" name="@BeforeTest LaunchApplication" time="0.0">
    <ignored/>
  </testcase> <!-- @BeforeTest LaunchApplication -->
</testsuite> <!-- Test -->
