<?xml version="1.0" encoding="UTF-8"?>
<testng-results ignored="0" total="2" passed="2" failed="0" skipped="0">
  <reporter-output>
  </reporter-output>
  <suite started-at="2024-04-24T11:15:41 EDT" name="Suite" finished-at="2024-04-24T11:16:06 EDT" duration-ms="25910">
    <groups>
    </groups>
    <test started-at="2024-04-24T11:15:41 EDT" name="Test" finished-at="2024-04-24T11:16:06 EDT" duration-ms="25910">
      <class name="UnifyedX.CustomerOnboarding.Tests.OnboardingStep1TEST">
        <test-method is-config="true" signature="LaunchApplication()[pri:0, instance:UnifyedX.CustomerOnboarding.Tests.OnboardingStep1TEST@3a7442c7]" started-at="2024-04-24T11:15:41 EDT" name="LaunchApplication" finished-at="2024-04-24T11:15:53 EDT" duration-ms="12505" status="PASS">
          <reporter-output>
          </reporter-output>
        </test-method> <!-- LaunchApplication -->
        <test-method signature="ReadOnlyComponents()[pri:0, instance:UnifyedX.CustomerOnboarding.Tests.OnboardingStep1TEST@3a7442c7]" started-at="2024-04-24T11:15:53 EDT" name="ReadOnlyComponents" finished-at="2024-04-24T11:15:59 EDT" duration-ms="6157" status="PASS">
          <reporter-output>
          </reporter-output>
        </test-method> <!-- ReadOnlyComponents -->
        <test-method is-config="true" signature="CloseBrowser()[pri:0, instance:UnifyedX.CustomerOnboarding.Tests.OnboardingStep1TEST@3a7442c7]" started-at="2024-04-24T11:16:05 EDT" name="CloseBrowser" finished-at="2024-04-24T11:16:06 EDT" duration-ms="1033" status="PASS">
          <reporter-output>
          </reporter-output>
        </test-method> <!-- CloseBrowser -->
      </class> <!-- UnifyedX.CustomerOnboarding.Tests.OnboardingStep1TEST -->
      <class name="UnifyedX.CustomerOnboarding.Tests.OnboardingStep2TEST">
        <test-method signature="FirstTesta()[pri:0, instance:UnifyedX.CustomerOnboarding.Tests.OnboardingStep2TEST@742ff096]" started-at="2024-04-24T11:15:59 EDT" name="FirstTesta" finished-at="2024-04-24T11:16:05 EDT" duration-ms="6142" status="PASS">
          <reporter-output>
          </reporter-output>
        </test-method> <!-- FirstTesta -->
      </class> <!-- UnifyedX.CustomerOnboarding.Tests.OnboardingStep2TEST -->
    </test> <!-- Test -->
  </suite> <!-- Suite -->
</testng-results>
